[roslaunch][INFO] 2019-11-24 21:47:41,821: Checking log directory for disk usage. This may take awhile.
Press Ctrl-C to interrupt
[roslaunch][INFO] 2019-11-24 21:47:41,843: Done checking log file disk usage. Usage is <1GB.
[roslaunch][INFO] 2019-11-24 21:47:41,844: roslaunch starting with args ['roscore', '--core']
[roslaunch][INFO] 2019-11-24 21:47:41,844: roslaunch env is {'ROS_DISTRO': 'melodic', 'SSH_CLIENT': '10.0.2.2 55538 22', 'LOGNAME': 'vagrant', 'USER': 'vagrant', 'PATH': '/opt/ros/melodic/bin:/usr/local/sbin:/usr/local/bin:/usr/sbin:/usr/bin:/sbin:/bin:/usr/games:/usr/local/games:/snap/bin', 'HOME': '/home/vagrant', 'CMAKE_PREFIX_PATH': '/opt/ros/melodic', 'LD_LIBRARY_PATH': '/opt/ros/melodic/lib', 'LANG': 'en_US.UTF-8', 'TERM': 'xterm-256color', 'SHELL': '/bin/bash', 'LANGUAGE': 'en_US:', 'XDG_DATA_DIRS': '/usr/local/share:/usr/share:/var/lib/snapd/desktop', 'ROS_LOG_FILENAME': '/home/vagrant/.ros/log/0a5bad16-0f04-11ea-be6f-080027bb1475/roslaunch-vagrant-1308.log', 'ROS_ETC_DIR': '/opt/ros/melodic/etc/ros', 'ROS_PYTHON_VERSION': '2', 'XDG_RUNTIME_DIR': '/run/user/1000', 'PYTHONPATH': '/opt/ros/melodic/lib/python2.7/dist-packages', 'ROS_ROOT': '/opt/ros/melodic/share/ros', 'PKG_CONFIG_PATH': '/opt/ros/melodic/lib/pkgconfig', 'ROS_PACKAGE_PATH': '/opt/ros/melodic/share', 'XDG_SESSION_ID': '3', '_': '/opt/ros/melodic/bin/roscore', 'SSH_TTY': '/dev/pts/0', 'ROSLISP_PACKAGE_DIRECTORIES': '', 'SHLVL': '1', 'PWD': '/home/vagrant', 'ROS_MASTER_URI': 'http://localhost:11311', 'ROS_VERSION': '1', 'MAIL': '/var/mail/vagrant', 'SSH_CONNECTION': '10.0.2.2 55538 10.0.2.15 22'}
[roslaunch][INFO] 2019-11-24 21:47:41,844: starting in server mode
[roslaunch.parent][INFO] 2019-11-24 21:47:41,845: starting roslaunch parent run
[roslaunch][INFO] 2019-11-24 21:47:41,846: loading roscore config file /opt/ros/melodic/etc/ros/roscore.xml
[roslaunch][INFO] 2019-11-24 21:47:42,363: Added core node of type [rosout/rosout] in namespace [/]
[roslaunch.pmon][INFO] 2019-11-24 21:47:42,364: start_process_monitor: creating ProcessMonitor
[roslaunch.pmon][INFO] 2019-11-24 21:47:42,364: created process monitor <ProcessMonitor(ProcessMonitor-1, initial daemon)>
[roslaunch.pmon][INFO] 2019-11-24 21:47:42,365: start_process_monitor: ProcessMonitor started
[roslaunch.parent][INFO] 2019-11-24 21:47:42,365: starting parent XML-RPC server
[roslaunch.server][INFO] 2019-11-24 21:47:42,365: starting roslaunch XML-RPC server
[roslaunch.server][INFO] 2019-11-24 21:47:42,366: waiting for roslaunch XML-RPC server to initialize
[xmlrpc][INFO] 2019-11-24 21:47:42,366: XML-RPC server binding to 0.0.0.0:0
[xmlrpc][INFO] 2019-11-24 21:47:42,367: Started XML-RPC server [http://vagrant:38335/]
[xmlrpc][INFO] 2019-11-24 21:47:42,367: xml rpc node: starting XML-RPC server
[roslaunch][INFO] 2019-11-24 21:47:42,379: started roslaunch server http://vagrant:38335/
[roslaunch.parent][INFO] 2019-11-24 21:47:42,381: ... parent XML-RPC server started
[roslaunch][INFO] 2019-11-24 21:47:42,383: master.is_running[http://vagrant:11311/]
[roslaunch][INFO] 2019-11-24 21:47:42,388: auto-starting new master
[roslaunch][INFO] 2019-11-24 21:47:42,389: create_master_process: rosmaster, /opt/ros/melodic/share/ros, 11311, 3, None, False
[roslaunch][INFO] 2019-11-24 21:47:42,390: process[master]: launching with args [['rosmaster', '--core', '-p', '11311', '-w', '3']]
[roslaunch.pmon][INFO] 2019-11-24 21:47:42,391: ProcessMonitor.register[master]
[roslaunch.pmon][INFO] 2019-11-24 21:47:42,391: ProcessMonitor.register[master] complete
[roslaunch][INFO] 2019-11-24 21:47:42,392: process[master]: starting os process
[roslaunch][INFO] 2019-11-24 21:47:42,393: process[master]: start w/ args [['rosmaster', '--core', '-p', '11311', '-w', '3', '__log:=/home/vagrant/.ros/log/0a5bad16-0f04-11ea-be6f-080027bb1475/master.log']]
[roslaunch][INFO] 2019-11-24 21:47:42,393: process[master]: cwd will be [/home/vagrant/.ros]
[roslaunch][INFO] 2019-11-24 21:47:42,398: process[master]: started with pid [1329]
[roslaunch][INFO] 2019-11-24 21:47:42,399: master.is_running[http://vagrant:11311/]
[roslaunch][INFO] 2019-11-24 21:47:42,502: master.is_running[http://vagrant:11311/]
[roslaunch][INFO] 2019-11-24 21:47:42,603: master.is_running[http://vagrant:11311/]
[roslaunch][INFO] 2019-11-24 21:47:42,705: master.is_running[http://vagrant:11311/]
[roslaunch][INFO] 2019-11-24 21:47:42,708: master.is_running[http://vagrant:11311/]
[roslaunch][INFO] 2019-11-24 21:47:42,709: ROS_MASTER_URI=http://vagrant:11311/
[roslaunch][INFO] 2019-11-24 21:47:42,712: setting /run_id to 0a5bad16-0f04-11ea-be6f-080027bb1475
[roslaunch][INFO] 2019-11-24 21:47:42,715: setting /roslaunch/uris/host_vagrant__38335' to http://vagrant:38335/
[roslaunch][INFO] 2019-11-24 21:47:42,720: ... preparing to launch node of type [rosout/rosout]
[roslaunch][INFO] 2019-11-24 21:47:42,720: create_node_process: package[rosout] type[rosout] machine[Machine(name[] env_loader[None] address[localhost] ssh_port[22] user[None] assignable[True] timeout[10.0])] master_uri[http://vagrant:11311/]
[roslaunch][INFO] 2019-11-24 21:47:42,721: process[rosout-1]: env[{'ROS_DISTRO': 'melodic', 'SSH_CLIENT': '10.0.2.2 55538 22', 'LOGNAME': 'vagrant', 'USER': 'vagrant', 'HOME': '/home/vagrant', 'PATH': '/opt/ros/melodic/bin:/usr/local/sbin:/usr/local/bin:/usr/sbin:/usr/bin:/sbin:/bin:/usr/games:/usr/local/games:/snap/bin', 'CMAKE_PREFIX_PATH': '/opt/ros/melodic', 'ROS_LOG_FILENAME': '/home/vagrant/.ros/log/0a5bad16-0f04-11ea-be6f-080027bb1475/roslaunch-vagrant-1308.log', 'LANG': 'en_US.UTF-8', 'TERM': 'xterm-256color', 'SHELL': '/bin/bash', 'LANGUAGE': 'en_US:', 'XDG_DATA_DIRS': '/usr/local/share:/usr/share:/var/lib/snapd/desktop', 'LD_LIBRARY_PATH': '/opt/ros/melodic/lib', 'ROS_MASTER_URI': 'http://vagrant:11311/', 'ROS_PYTHON_VERSION': '2', 'XDG_RUNTIME_DIR': '/run/user/1000', 'PYTHONPATH': '/opt/ros/melodic/lib/python2.7/dist-packages', 'ROS_ROOT': '/opt/ros/melodic/share/ros', 'PKG_CONFIG_PATH': '/opt/ros/melodic/lib/pkgconfig', 'ROS_PACKAGE_PATH': '/opt/ros/melodic/share', 'XDG_SESSION_ID': '3', '_': '/opt/ros/melodic/bin/roscore', 'SSH_TTY': '/dev/pts/0', 'ROSLISP_PACKAGE_DIRECTORIES': '', 'SHLVL': '1', 'PWD': '/home/vagrant', 'ROS_ETC_DIR': '/opt/ros/melodic/etc/ros', 'ROS_VERSION': '1', 'MAIL': '/var/mail/vagrant', 'SSH_CONNECTION': '10.0.2.2 55538 10.0.2.15 22'}]
[roslaunch][INFO] 2019-11-24 21:47:42,734: process[rosout-1]: args[[u'/opt/ros/melodic/lib/rosout/rosout', u'__name:=rosout']]
[roslaunch][INFO] 2019-11-24 21:47:42,735: ... created process [rosout-1]
[roslaunch.pmon][INFO] 2019-11-24 21:47:42,735: ProcessMonitor.register[rosout-1]
[roslaunch.pmon][INFO] 2019-11-24 21:47:42,736: ProcessMonitor.register[rosout-1] complete
[roslaunch][INFO] 2019-11-24 21:47:42,736: ... registered process [rosout-1]
[roslaunch][INFO] 2019-11-24 21:47:42,737: process[rosout-1]: starting os process
[roslaunch][INFO] 2019-11-24 21:47:42,739: process[rosout-1]: start w/ args [[u'/opt/ros/melodic/lib/rosout/rosout', u'__name:=rosout', u'__log:=/home/vagrant/.ros/log/0a5bad16-0f04-11ea-be6f-080027bb1475/rosout-1.log']]
[roslaunch][INFO] 2019-11-24 21:47:42,739: process[rosout-1]: cwd will be [/home/vagrant/.ros]
[roslaunch][INFO] 2019-11-24 21:47:42,753: process[rosout-1]: started with pid [1340]
[roslaunch][INFO] 2019-11-24 21:47:42,755: ... successfully launched [rosout-1]
[roslaunch][INFO] 2019-11-24 21:47:42,757: load_parameters starting ...
[roslaunch][INFO] 2019-11-24 21:47:42,768: ... load_parameters complete
[roslaunch][INFO] 2019-11-24 21:47:42,771: launch_nodes: launching local nodes ...
[roslaunch][INFO] 2019-11-24 21:47:42,773: ... launch_nodes complete
[roslaunch.pmon][INFO] 2019-11-24 21:47:42,774: registrations completed <ProcessMonitor(ProcessMonitor-1, started daemon 139980707931904)>
[roslaunch.parent][INFO] 2019-11-24 21:47:42,775: ... roslaunch parent running, waiting for process exit
[roslaunch][INFO] 2019-11-24 21:47:42,775: spin
[roslaunch.pmon][INFO] 2019-11-24 21:51:47,120: ProcessMonitor.shutdown <ProcessMonitor(ProcessMonitor-1, started daemon 139980707931904)>
[roslaunch.pmon][INFO] 2019-11-24 21:51:47,126: ProcessMonitor._post_run <ProcessMonitor(ProcessMonitor-1, started daemon 139980707931904)>
[roslaunch.pmon][INFO] 2019-11-24 21:51:47,127: ProcessMonitor._post_run <ProcessMonitor(ProcessMonitor-1, started daemon 139980707931904)>: remaining procs are [<roslaunch.nodeprocess.LocalProcess object at 0x7f4fcc671c50>, <roslaunch.nodeprocess.LocalProcess object at 0x7f4fcc671f10>]
[roslaunch.pmon][INFO] 2019-11-24 21:51:47,129: ProcessMonitor exit: killing rosout-1
[roslaunch][INFO] 2019-11-24 21:51:47,129: [rosout-1] killing on exit
[roslaunch][INFO] 2019-11-24 21:51:47,130: process[rosout-1]: killing os process with pid[1340] pgid[1340]
[roslaunch][INFO] 2019-11-24 21:51:47,131: [rosout-1] sending SIGINT to pgid [1340]
[roslaunch][INFO] 2019-11-24 21:51:47,131: [rosout-1] sent SIGINT to pgid [1340]
[roslaunch][INFO] 2019-11-24 21:51:47,433: process[rosout-1]: SIGINT killed with return value 0
[roslaunch.pmon][INFO] 2019-11-24 21:51:47,434: ProcessMonitor exit: killing master
[roslaunch][INFO] 2019-11-24 21:51:47,435: [master] killing on exit
[roslaunch][INFO] 2019-11-24 21:51:47,437: process[master]: killing os process with pid[1329] pgid[1329]
[roslaunch][INFO] 2019-11-24 21:51:47,438: [master] sending SIGINT to pgid [1329]
[roslaunch][INFO] 2019-11-24 21:51:47,439: [master] sent SIGINT to pgid [1329]
[roslaunch][INFO] 2019-11-24 21:51:47,642: process[master]: SIGINT killed with return value 0
[roslaunch.pmon][INFO] 2019-11-24 21:51:47,643: ProcessMonitor exit: cleaning up data structures and signals
[roslaunch.pmon][INFO] 2019-11-24 21:51:47,644: ProcessMonitor exit: pmon has shutdown
[roslaunch][INFO] 2019-11-24 21:51:47,649: process monitor is done spinning, initiating full shutdown
[roslaunch][INFO] 2019-11-24 21:51:47,650: runner.stop()
[roslaunch][INFO] 2019-11-24 21:51:47,651: shutting down processing monitor...
[roslaunch][INFO] 2019-11-24 21:51:47,652: shutting down processing monitor <ProcessMonitor(ProcessMonitor-1, stopped daemon 139980707931904)>
[roslaunch.pmon][INFO] 2019-11-24 21:51:47,652: ProcessMonitor.shutdown <ProcessMonitor(ProcessMonitor-1, stopped daemon 139980707931904)>
[roslaunch][INFO] 2019-11-24 21:51:47,652: ... shutting down processing monitor complete
[roslaunch][INFO] 2019-11-24 21:51:47,653: done
[roslaunch.pmon][INFO] 2019-11-24 21:51:47,655: ProcessMonitor.shutdown <ProcessMonitor(ProcessMonitor-1, stopped daemon 139980707931904)>
[rospy.core][INFO] 2019-11-24 21:51:47,655: signal_shutdown [atexit]
