[roslaunch][INFO] 2019-11-24 21:27:10,910: Checking log directory for disk usage. This may take awhile.
Press Ctrl-C to interrupt
[roslaunch][INFO] 2019-11-24 21:27:10,925: Done checking log file disk usage. Usage is <1GB.
[roslaunch][INFO] 2019-11-24 21:27:10,926: roslaunch starting with args ['roscore', '--core']
[roslaunch][INFO] 2019-11-24 21:27:10,926: roslaunch env is {'ROS_DISTRO': 'melodic', 'SSH_CLIENT': '10.0.2.2 55260 22', 'LOGNAME': 'vagrant', 'USER': 'vagrant', 'PATH': '/opt/ros/melodic/bin:/usr/local/sbin:/usr/local/bin:/usr/sbin:/usr/bin:/sbin:/bin:/usr/games:/usr/local/games:/snap/bin', 'HOME': '/home/vagrant', 'CMAKE_PREFIX_PATH': '/opt/ros/melodic', 'LD_LIBRARY_PATH': '/opt/ros/melodic/lib', 'LANG': 'en_US.UTF-8', 'TERM': 'xterm-256color', 'SHELL': '/bin/bash', 'LANGUAGE': 'en_US:', 'XDG_DATA_DIRS': '/usr/local/share:/usr/share:/var/lib/snapd/desktop', 'ROS_LOG_FILENAME': '/home/vagrant/.ros/log/2cadd4dc-0f01-11ea-b34c-080027bb1475/roslaunch-vagrant-1370.log', 'ROS_ETC_DIR': '/opt/ros/melodic/etc/ros', 'ROS_PYTHON_VERSION': '2', 'XDG_RUNTIME_DIR': '/run/user/1000', 'PYTHONPATH': '/opt/ros/melodic/lib/python2.7/dist-packages', 'ROS_ROOT': '/opt/ros/melodic/share/ros', 'PKG_CONFIG_PATH': '/opt/ros/melodic/lib/pkgconfig', 'ROS_PACKAGE_PATH': '/opt/ros/melodic/share', 'XDG_SESSION_ID': '3', '_': '/opt/ros/melodic/bin/roscore', 'SSH_TTY': '/dev/pts/0', 'ROSLISP_PACKAGE_DIRECTORIES': '', 'SHLVL': '1', 'PWD': '/home/vagrant', 'ROS_MASTER_URI': 'http://localhost:11311', 'ROS_VERSION': '1', 'MAIL': '/var/mail/vagrant', 'SSH_CONNECTION': '10.0.2.2 55260 10.0.2.15 22'}
[roslaunch][INFO] 2019-11-24 21:27:10,927: starting in server mode
[roslaunch.parent][INFO] 2019-11-24 21:27:10,928: starting roslaunch parent run
[roslaunch][INFO] 2019-11-24 21:27:10,929: loading roscore config file /opt/ros/melodic/etc/ros/roscore.xml
[roslaunch][INFO] 2019-11-24 21:27:11,374: Added core node of type [rosout/rosout] in namespace [/]
[roslaunch.pmon][INFO] 2019-11-24 21:27:11,374: start_process_monitor: creating ProcessMonitor
[roslaunch.pmon][INFO] 2019-11-24 21:27:11,375: created process monitor <ProcessMonitor(ProcessMonitor-1, initial daemon)>
[roslaunch.pmon][INFO] 2019-11-24 21:27:11,375: start_process_monitor: ProcessMonitor started
[roslaunch.parent][INFO] 2019-11-24 21:27:11,376: starting parent XML-RPC server
[roslaunch.server][INFO] 2019-11-24 21:27:11,376: starting roslaunch XML-RPC server
[roslaunch.server][INFO] 2019-11-24 21:27:11,377: waiting for roslaunch XML-RPC server to initialize
[xmlrpc][INFO] 2019-11-24 21:27:11,377: XML-RPC server binding to 0.0.0.0:0
[xmlrpc][INFO] 2019-11-24 21:27:11,378: Started XML-RPC server [http://vagrant:45407/]
[xmlrpc][INFO] 2019-11-24 21:27:11,378: xml rpc node: starting XML-RPC server
[roslaunch][INFO] 2019-11-24 21:27:11,389: started roslaunch server http://vagrant:45407/
[roslaunch.parent][INFO] 2019-11-24 21:27:11,391: ... parent XML-RPC server started
[roslaunch][INFO] 2019-11-24 21:27:11,392: master.is_running[http://vagrant:11311/]
[roslaunch][INFO] 2019-11-24 21:27:11,397: auto-starting new master
[roslaunch][INFO] 2019-11-24 21:27:11,398: create_master_process: rosmaster, /opt/ros/melodic/share/ros, 11311, 3, None, False
[roslaunch][INFO] 2019-11-24 21:27:11,398: process[master]: launching with args [['rosmaster', '--core', '-p', '11311', '-w', '3']]
[roslaunch.pmon][INFO] 2019-11-24 21:27:11,399: ProcessMonitor.register[master]
[roslaunch.pmon][INFO] 2019-11-24 21:27:11,399: ProcessMonitor.register[master] complete
[roslaunch][INFO] 2019-11-24 21:27:11,399: process[master]: starting os process
[roslaunch][INFO] 2019-11-24 21:27:11,400: process[master]: start w/ args [['rosmaster', '--core', '-p', '11311', '-w', '3', '__log:=/home/vagrant/.ros/log/2cadd4dc-0f01-11ea-b34c-080027bb1475/master.log']]
[roslaunch][INFO] 2019-11-24 21:27:11,401: process[master]: cwd will be [/home/vagrant/.ros]
[roslaunch][INFO] 2019-11-24 21:27:11,406: process[master]: started with pid [1390]
[roslaunch][INFO] 2019-11-24 21:27:11,407: master.is_running[http://vagrant:11311/]
[roslaunch][INFO] 2019-11-24 21:27:11,508: master.is_running[http://vagrant:11311/]
[roslaunch][INFO] 2019-11-24 21:27:11,610: master.is_running[http://vagrant:11311/]
[roslaunch][INFO] 2019-11-24 21:27:11,712: master.is_running[http://vagrant:11311/]
[roslaunch][INFO] 2019-11-24 21:27:11,715: master.is_running[http://vagrant:11311/]
[roslaunch][INFO] 2019-11-24 21:27:11,717: ROS_MASTER_URI=http://vagrant:11311/
[roslaunch][INFO] 2019-11-24 21:27:11,720: setting /run_id to 2cadd4dc-0f01-11ea-b34c-080027bb1475
[roslaunch][INFO] 2019-11-24 21:27:11,723: setting /roslaunch/uris/host_vagrant__45407' to http://vagrant:45407/
[roslaunch][INFO] 2019-11-24 21:27:11,726: ... preparing to launch node of type [rosout/rosout]
[roslaunch][INFO] 2019-11-24 21:27:11,727: create_node_process: package[rosout] type[rosout] machine[Machine(name[] env_loader[None] address[localhost] ssh_port[22] user[None] assignable[True] timeout[10.0])] master_uri[http://vagrant:11311/]
[roslaunch][INFO] 2019-11-24 21:27:11,727: process[rosout-1]: env[{'ROS_DISTRO': 'melodic', 'SSH_CLIENT': '10.0.2.2 55260 22', 'LOGNAME': 'vagrant', 'USER': 'vagrant', 'HOME': '/home/vagrant', 'PATH': '/opt/ros/melodic/bin:/usr/local/sbin:/usr/local/bin:/usr/sbin:/usr/bin:/sbin:/bin:/usr/games:/usr/local/games:/snap/bin', 'CMAKE_PREFIX_PATH': '/opt/ros/melodic', 'ROS_LOG_FILENAME': '/home/vagrant/.ros/log/2cadd4dc-0f01-11ea-b34c-080027bb1475/roslaunch-vagrant-1370.log', 'LANG': 'en_US.UTF-8', 'TERM': 'xterm-256color', 'SHELL': '/bin/bash', 'LANGUAGE': 'en_US:', 'XDG_DATA_DIRS': '/usr/local/share:/usr/share:/var/lib/snapd/desktop', 'LD_LIBRARY_PATH': '/opt/ros/melodic/lib', 'ROS_MASTER_URI': 'http://vagrant:11311/', 'ROS_PYTHON_VERSION': '2', 'XDG_RUNTIME_DIR': '/run/user/1000', 'PYTHONPATH': '/opt/ros/melodic/lib/python2.7/dist-packages', 'ROS_ROOT': '/opt/ros/melodic/share/ros', 'PKG_CONFIG_PATH': '/opt/ros/melodic/lib/pkgconfig', 'ROS_PACKAGE_PATH': '/opt/ros/melodic/share', 'XDG_SESSION_ID': '3', '_': '/opt/ros/melodic/bin/roscore', 'SSH_TTY': '/dev/pts/0', 'ROSLISP_PACKAGE_DIRECTORIES': '', 'SHLVL': '1', 'PWD': '/home/vagrant', 'ROS_ETC_DIR': '/opt/ros/melodic/etc/ros', 'ROS_VERSION': '1', 'MAIL': '/var/mail/vagrant', 'SSH_CONNECTION': '10.0.2.2 55260 10.0.2.15 22'}]
[roslaunch][INFO] 2019-11-24 21:27:11,742: process[rosout-1]: args[[u'/opt/ros/melodic/lib/rosout/rosout', u'__name:=rosout']]
[roslaunch][INFO] 2019-11-24 21:27:11,742: ... created process [rosout-1]
[roslaunch.pmon][INFO] 2019-11-24 21:27:11,743: ProcessMonitor.register[rosout-1]
[roslaunch.pmon][INFO] 2019-11-24 21:27:11,743: ProcessMonitor.register[rosout-1] complete
[roslaunch][INFO] 2019-11-24 21:27:11,744: ... registered process [rosout-1]
[roslaunch][INFO] 2019-11-24 21:27:11,744: process[rosout-1]: starting os process
[roslaunch][INFO] 2019-11-24 21:27:11,746: process[rosout-1]: start w/ args [[u'/opt/ros/melodic/lib/rosout/rosout', u'__name:=rosout', u'__log:=/home/vagrant/.ros/log/2cadd4dc-0f01-11ea-b34c-080027bb1475/rosout-1.log']]
[roslaunch][INFO] 2019-11-24 21:27:11,747: process[rosout-1]: cwd will be [/home/vagrant/.ros]
[roslaunch][INFO] 2019-11-24 21:27:11,760: process[rosout-1]: started with pid [1401]
[roslaunch][INFO] 2019-11-24 21:27:11,774: ... successfully launched [rosout-1]
[roslaunch][INFO] 2019-11-24 21:27:11,780: load_parameters starting ...
[roslaunch][INFO] 2019-11-24 21:27:11,788: ... load_parameters complete
[roslaunch][INFO] 2019-11-24 21:27:11,789: launch_nodes: launching local nodes ...
[roslaunch][INFO] 2019-11-24 21:27:11,789: ... launch_nodes complete
[roslaunch.pmon][INFO] 2019-11-24 21:27:11,790: registrations completed <ProcessMonitor(ProcessMonitor-1, started daemon 139740131800832)>
[roslaunch.parent][INFO] 2019-11-24 21:27:11,790: ... roslaunch parent running, waiting for process exit
[roslaunch][INFO] 2019-11-24 21:27:11,791: spin
[roslaunch.pmon][INFO] 2019-11-24 21:43:36,946: ProcessMonitor.shutdown <ProcessMonitor(ProcessMonitor-1, started daemon 139740131800832)>
[roslaunch.pmon][INFO] 2019-11-24 21:43:36,970: ProcessMonitor._post_run <ProcessMonitor(ProcessMonitor-1, started daemon 139740131800832)>
[roslaunch.pmon][INFO] 2019-11-24 21:43:36,971: ProcessMonitor._post_run <ProcessMonitor(ProcessMonitor-1, started daemon 139740131800832)>: remaining procs are [<roslaunch.nodeprocess.LocalProcess object at 0x7f17c8f2aa90>, <roslaunch.nodeprocess.LocalProcess object at 0x7f17c8f2af10>]
[roslaunch.pmon][INFO] 2019-11-24 21:43:36,972: ProcessMonitor exit: killing rosout-1
[roslaunch][INFO] 2019-11-24 21:43:36,973: [rosout-1] killing on exit
[roslaunch][INFO] 2019-11-24 21:43:36,974: process[rosout-1]: killing os process with pid[1401] pgid[1401]
[roslaunch][INFO] 2019-11-24 21:43:36,974: [rosout-1] sending SIGINT to pgid [1401]
[roslaunch][INFO] 2019-11-24 21:43:36,975: [rosout-1] sent SIGINT to pgid [1401]
[roslaunch][INFO] 2019-11-24 21:43:37,379: process[rosout-1]: SIGINT killed with return value 0
[roslaunch.pmon][INFO] 2019-11-24 21:43:37,380: ProcessMonitor exit: killing master
[roslaunch][INFO] 2019-11-24 21:43:37,381: [master] killing on exit
[roslaunch][INFO] 2019-11-24 21:43:37,382: process[master]: killing os process with pid[1390] pgid[1390]
[roslaunch][INFO] 2019-11-24 21:43:37,382: [master] sending SIGINT to pgid [1390]
[roslaunch][INFO] 2019-11-24 21:43:37,383: [master] sent SIGINT to pgid [1390]
[roslaunch][INFO] 2019-11-24 21:43:37,585: process[master]: SIGINT killed with return value 0
[roslaunch.pmon][INFO] 2019-11-24 21:43:37,586: ProcessMonitor exit: cleaning up data structures and signals
[roslaunch.pmon][INFO] 2019-11-24 21:43:37,587: ProcessMonitor exit: pmon has shutdown
[roslaunch][INFO] 2019-11-24 21:43:37,625: process monitor is done spinning, initiating full shutdown
[roslaunch][INFO] 2019-11-24 21:43:37,626: runner.stop()
[roslaunch][INFO] 2019-11-24 21:43:37,626: shutting down processing monitor...
[roslaunch][INFO] 2019-11-24 21:43:37,627: shutting down processing monitor <ProcessMonitor(ProcessMonitor-1, stopped daemon 139740131800832)>
[roslaunch.pmon][INFO] 2019-11-24 21:43:37,628: ProcessMonitor.shutdown <ProcessMonitor(ProcessMonitor-1, stopped daemon 139740131800832)>
[roslaunch][INFO] 2019-11-24 21:43:37,629: ... shutting down processing monitor complete
[roslaunch][INFO] 2019-11-24 21:43:37,629: done
[roslaunch.pmon][INFO] 2019-11-24 21:43:37,631: ProcessMonitor.shutdown <ProcessMonitor(ProcessMonitor-1, stopped daemon 139740131800832)>
[rospy.core][INFO] 2019-11-24 21:43:37,631: signal_shutdown [atexit]
