[roslaunch][INFO] 2019-11-24 20:55:19,879: Checking log directory for disk usage. This may take awhile.
Press Ctrl-C to interrupt
[roslaunch][INFO] 2019-11-24 20:55:19,890: Done checking log file disk usage. Usage is <1GB.
[roslaunch][INFO] 2019-11-24 20:55:19,891: roslaunch starting with args ['roscore', '--core']
[roslaunch][INFO] 2019-11-24 20:55:19,892: roslaunch env is {'ROS_DISTRO': 'melodic', 'SSH_CLIENT': '10.0.2.2 53069 22', 'LOGNAME': 'vagrant', 'USER': 'vagrant', 'PATH': '/opt/ros/melodic/bin:/usr/local/sbin:/usr/local/bin:/usr/sbin:/usr/bin:/sbin:/bin:/usr/games:/usr/local/games:/snap/bin', 'HOME': '/home/vagrant', 'CMAKE_PREFIX_PATH': '/home/vagrant/catkin_ws/devel:/opt/ros/melodic', 'LD_LIBRARY_PATH': '/home/vagrant/catkin_ws/devel/lib:/opt/ros/melodic/lib', 'LANG': 'en_US.UTF-8', 'TERM': 'xterm-256color', 'SHELL': '/bin/bash', 'LANGUAGE': 'en_US:', 'XDG_DATA_DIRS': '/usr/local/share:/usr/share:/var/lib/snapd/desktop', 'ROS_LOG_FILENAME': '/home/vagrant/.ros/log/b9b5c506-0efc-11ea-a2a6-080027bb1475/roslaunch-vagrant-19343.log', 'ROS_ETC_DIR': '/opt/ros/melodic/etc/ros', 'ROS_PYTHON_VERSION': '2', 'XDG_RUNTIME_DIR': '/run/user/1000', 'PYTHONPATH': '/opt/ros/melodic/lib/python2.7/dist-packages', 'ROS_ROOT': '/opt/ros/melodic/share/ros', 'PKG_CONFIG_PATH': '/home/vagrant/catkin_ws/devel/lib/pkgconfig:/opt/ros/melodic/lib/pkgconfig', 'ROS_PACKAGE_PATH': '/home/vagrant/catkin_ws/src:/opt/ros/melodic/share', 'XDG_SESSION_ID': '4', '_': '/opt/ros/melodic/bin/roscore', 'SSH_TTY': '/dev/pts/0', 'OLDPWD': '/home/vagrant/catkin_ws/src/beginner_tutorials', 'ROSLISP_PACKAGE_DIRECTORIES': '/home/vagrant/catkin_ws/devel/share/common-lisp', 'SHLVL': '1', 'PWD': '/home/vagrant/catkin_ws', 'ROS_MASTER_URI': 'http://localhost:11311', 'ROS_VERSION': '1', 'MAIL': '/var/mail/vagrant', 'SSH_CONNECTION': '10.0.2.2 53069 10.0.2.15 22'}
[roslaunch][INFO] 2019-11-24 20:55:19,892: starting in server mode
[roslaunch.parent][INFO] 2019-11-24 20:55:19,893: starting roslaunch parent run
[roslaunch][INFO] 2019-11-24 20:55:19,893: loading roscore config file /opt/ros/melodic/etc/ros/roscore.xml
[roslaunch][INFO] 2019-11-24 20:55:20,192: Added core node of type [rosout/rosout] in namespace [/]
[roslaunch.pmon][INFO] 2019-11-24 20:55:20,192: start_process_monitor: creating ProcessMonitor
[roslaunch.pmon][INFO] 2019-11-24 20:55:20,193: created process monitor <ProcessMonitor(ProcessMonitor-1, initial daemon)>
[roslaunch.pmon][INFO] 2019-11-24 20:55:20,193: start_process_monitor: ProcessMonitor started
[roslaunch.parent][INFO] 2019-11-24 20:55:20,193: starting parent XML-RPC server
[roslaunch.server][INFO] 2019-11-24 20:55:20,194: starting roslaunch XML-RPC server
[roslaunch.server][INFO] 2019-11-24 20:55:20,194: waiting for roslaunch XML-RPC server to initialize
[xmlrpc][INFO] 2019-11-24 20:55:20,194: XML-RPC server binding to 0.0.0.0:0
[xmlrpc][INFO] 2019-11-24 20:55:20,195: Started XML-RPC server [http://vagrant:43565/]
[xmlrpc][INFO] 2019-11-24 20:55:20,195: xml rpc node: starting XML-RPC server
[roslaunch][INFO] 2019-11-24 20:55:20,208: started roslaunch server http://vagrant:43565/
[roslaunch.parent][INFO] 2019-11-24 20:55:20,210: ... parent XML-RPC server started
[roslaunch][INFO] 2019-11-24 20:55:20,211: master.is_running[http://vagrant:11311/]
[roslaunch][INFO] 2019-11-24 20:55:20,217: auto-starting new master
[roslaunch][INFO] 2019-11-24 20:55:20,218: create_master_process: rosmaster, /opt/ros/melodic/share/ros, 11311, 3, None, False
[roslaunch][INFO] 2019-11-24 20:55:20,218: process[master]: launching with args [['rosmaster', '--core', '-p', '11311', '-w', '3']]
[roslaunch.pmon][INFO] 2019-11-24 20:55:20,219: ProcessMonitor.register[master]
[roslaunch.pmon][INFO] 2019-11-24 20:55:20,219: ProcessMonitor.register[master] complete
[roslaunch][INFO] 2019-11-24 20:55:20,219: process[master]: starting os process
[roslaunch][INFO] 2019-11-24 20:55:20,220: process[master]: start w/ args [['rosmaster', '--core', '-p', '11311', '-w', '3', '__log:=/home/vagrant/.ros/log/b9b5c506-0efc-11ea-a2a6-080027bb1475/master.log']]
[roslaunch][INFO] 2019-11-24 20:55:20,221: process[master]: cwd will be [/home/vagrant/.ros]
[roslaunch][INFO] 2019-11-24 20:55:20,225: process[master]: started with pid [19356]
[roslaunch][INFO] 2019-11-24 20:55:20,226: master.is_running[http://vagrant:11311/]
[roslaunch][INFO] 2019-11-24 20:55:20,327: master.is_running[http://vagrant:11311/]
[roslaunch][INFO] 2019-11-24 20:55:20,429: master.is_running[http://vagrant:11311/]
[roslaunch][INFO] 2019-11-24 20:55:20,433: master.is_running[http://vagrant:11311/]
[roslaunch][INFO] 2019-11-24 20:55:20,435: ROS_MASTER_URI=http://vagrant:11311/
[roslaunch][INFO] 2019-11-24 20:55:20,438: setting /run_id to b9b5c506-0efc-11ea-a2a6-080027bb1475
[roslaunch][INFO] 2019-11-24 20:55:20,441: setting /roslaunch/uris/host_vagrant__43565' to http://vagrant:43565/
[roslaunch][INFO] 2019-11-24 20:55:20,444: ... preparing to launch node of type [rosout/rosout]
[roslaunch][INFO] 2019-11-24 20:55:20,444: create_node_process: package[rosout] type[rosout] machine[Machine(name[] env_loader[None] address[localhost] ssh_port[22] user[None] assignable[True] timeout[10.0])] master_uri[http://vagrant:11311/]
[roslaunch][INFO] 2019-11-24 20:55:20,444: process[rosout-1]: env[{'ROS_DISTRO': 'melodic', 'SSH_CLIENT': '10.0.2.2 53069 22', 'LOGNAME': 'vagrant', 'USER': 'vagrant', 'HOME': '/home/vagrant', 'PATH': '/opt/ros/melodic/bin:/usr/local/sbin:/usr/local/bin:/usr/sbin:/usr/bin:/sbin:/bin:/usr/games:/usr/local/games:/snap/bin', 'CMAKE_PREFIX_PATH': '/home/vagrant/catkin_ws/devel:/opt/ros/melodic', 'ROS_LOG_FILENAME': '/home/vagrant/.ros/log/b9b5c506-0efc-11ea-a2a6-080027bb1475/roslaunch-vagrant-19343.log', 'LANG': 'en_US.UTF-8', 'TERM': 'xterm-256color', 'SHELL': '/bin/bash', 'LANGUAGE': 'en_US:', 'XDG_DATA_DIRS': '/usr/local/share:/usr/share:/var/lib/snapd/desktop', 'LD_LIBRARY_PATH': '/home/vagrant/catkin_ws/devel/lib:/opt/ros/melodic/lib', 'ROS_MASTER_URI': 'http://vagrant:11311/', 'ROS_PYTHON_VERSION': '2', 'XDG_RUNTIME_DIR': '/run/user/1000', 'PYTHONPATH': '/opt/ros/melodic/lib/python2.7/dist-packages', 'ROS_ROOT': '/opt/ros/melodic/share/ros', 'PKG_CONFIG_PATH': '/home/vagrant/catkin_ws/devel/lib/pkgconfig:/opt/ros/melodic/lib/pkgconfig', 'ROS_PACKAGE_PATH': '/home/vagrant/catkin_ws/src:/opt/ros/melodic/share', 'XDG_SESSION_ID': '4', '_': '/opt/ros/melodic/bin/roscore', 'SSH_TTY': '/dev/pts/0', 'OLDPWD': '/home/vagrant/catkin_ws/src/beginner_tutorials', 'ROSLISP_PACKAGE_DIRECTORIES': '/home/vagrant/catkin_ws/devel/share/common-lisp', 'SHLVL': '1', 'PWD': '/home/vagrant/catkin_ws', 'ROS_ETC_DIR': '/opt/ros/melodic/etc/ros', 'ROS_VERSION': '1', 'MAIL': '/var/mail/vagrant', 'SSH_CONNECTION': '10.0.2.2 53069 10.0.2.15 22'}]
[roslaunch][INFO] 2019-11-24 20:55:20,464: process[rosout-1]: args[[u'/opt/ros/melodic/lib/rosout/rosout', u'__name:=rosout']]
[roslaunch][INFO] 2019-11-24 20:55:20,464: ... created process [rosout-1]
[roslaunch.pmon][INFO] 2019-11-24 20:55:20,465: ProcessMonitor.register[rosout-1]
[roslaunch.pmon][INFO] 2019-11-24 20:55:20,465: ProcessMonitor.register[rosout-1] complete
[roslaunch][INFO] 2019-11-24 20:55:20,465: ... registered process [rosout-1]
[roslaunch][INFO] 2019-11-24 20:55:20,466: process[rosout-1]: starting os process
[roslaunch][INFO] 2019-11-24 20:55:20,467: process[rosout-1]: start w/ args [[u'/opt/ros/melodic/lib/rosout/rosout', u'__name:=rosout', u'__log:=/home/vagrant/.ros/log/b9b5c506-0efc-11ea-a2a6-080027bb1475/rosout-1.log']]
[roslaunch][INFO] 2019-11-24 20:55:20,467: process[rosout-1]: cwd will be [/home/vagrant/.ros]
[roslaunch][INFO] 2019-11-24 20:55:20,472: process[rosout-1]: started with pid [19367]
[roslaunch][INFO] 2019-11-24 20:55:20,478: ... successfully launched [rosout-1]
[roslaunch][INFO] 2019-11-24 20:55:20,484: load_parameters starting ...
[roslaunch][INFO] 2019-11-24 20:55:20,492: ... load_parameters complete
[roslaunch][INFO] 2019-11-24 20:55:20,493: launch_nodes: launching local nodes ...
[roslaunch][INFO] 2019-11-24 20:55:20,493: ... launch_nodes complete
[roslaunch.pmon][INFO] 2019-11-24 20:55:20,495: registrations completed <ProcessMonitor(ProcessMonitor-1, started daemon 140356557326080)>
[roslaunch.parent][INFO] 2019-11-24 20:55:20,495: ... roslaunch parent running, waiting for process exit
[roslaunch][INFO] 2019-11-24 20:55:20,496: spin
[roslaunch.pmon][INFO] 2019-11-24 21:07:34,788: ProcessMonitor.shutdown <ProcessMonitor(ProcessMonitor-1, started daemon 140356557326080)>
[roslaunch.pmon][INFO] 2019-11-24 21:07:34,886: ProcessMonitor._post_run <ProcessMonitor(ProcessMonitor-1, started daemon 140356557326080)>
[roslaunch.pmon][INFO] 2019-11-24 21:07:34,887: ProcessMonitor._post_run <ProcessMonitor(ProcessMonitor-1, started daemon 140356557326080)>: remaining procs are [<roslaunch.nodeprocess.LocalProcess object at 0x7fa74ec59a50>, <roslaunch.nodeprocess.LocalProcess object at 0x7fa74ec59d10>]
[roslaunch.pmon][INFO] 2019-11-24 21:07:34,889: ProcessMonitor exit: killing rosout-1
[roslaunch][INFO] 2019-11-24 21:07:34,890: [rosout-1] killing on exit
[roslaunch][INFO] 2019-11-24 21:07:34,891: process[rosout-1]: killing os process with pid[19367] pgid[19367]
[roslaunch][INFO] 2019-11-24 21:07:34,891: [rosout-1] sending SIGINT to pgid [19367]
[roslaunch][INFO] 2019-11-24 21:07:34,892: [rosout-1] sent SIGINT to pgid [19367]
[roslaunch][INFO] 2019-11-24 21:07:35,297: process[rosout-1]: SIGINT killed with return value 0
[roslaunch.pmon][INFO] 2019-11-24 21:07:35,298: ProcessMonitor exit: killing master
[roslaunch][INFO] 2019-11-24 21:07:35,298: [master] killing on exit
[roslaunch][INFO] 2019-11-24 21:07:35,299: process[master]: killing os process with pid[19356] pgid[19356]
[roslaunch][INFO] 2019-11-24 21:07:35,300: [master] sending SIGINT to pgid [19356]
[roslaunch][INFO] 2019-11-24 21:07:35,301: [master] sent SIGINT to pgid [19356]
[roslaunch][INFO] 2019-11-24 21:07:35,503: process[master]: SIGINT killed with return value 0
[roslaunch.pmon][INFO] 2019-11-24 21:07:35,504: ProcessMonitor exit: cleaning up data structures and signals
[roslaunch.pmon][INFO] 2019-11-24 21:07:35,506: ProcessMonitor exit: pmon has shutdown
[roslaunch][INFO] 2019-11-24 21:07:35,511: process monitor is done spinning, initiating full shutdown
[roslaunch][INFO] 2019-11-24 21:07:35,511: runner.stop()
[roslaunch][INFO] 2019-11-24 21:07:35,512: shutting down processing monitor...
[roslaunch][INFO] 2019-11-24 21:07:35,513: shutting down processing monitor <ProcessMonitor(ProcessMonitor-1, stopped daemon 140356557326080)>
[roslaunch.pmon][INFO] 2019-11-24 21:07:35,513: ProcessMonitor.shutdown <ProcessMonitor(ProcessMonitor-1, stopped daemon 140356557326080)>
[roslaunch][INFO] 2019-11-24 21:07:35,514: ... shutting down processing monitor complete
[roslaunch][INFO] 2019-11-24 21:07:35,515: done
[roslaunch.pmon][INFO] 2019-11-24 21:07:35,516: ProcessMonitor.shutdown <ProcessMonitor(ProcessMonitor-1, stopped daemon 140356557326080)>
[rospy.core][INFO] 2019-11-24 21:07:35,516: signal_shutdown [atexit]
