Determining if the pthread_create exist failed with the following output:
Change Dir: /home/vagrant/rostls_ws/build/CMakeFiles/CMakeTmp

Run Build Command:"/usr/bin/make" "cmTC_49936/fast"
make: Warning: File 'Makefile' has modification time 1.6 s in the future
/usr/bin/make -f CMakeFiles/cmTC_49936.dir/build.make CMakeFiles/cmTC_49936.dir/build
make[1]: Entering directory '/home/vagrant/rostls_ws/build/CMakeFiles/CMakeTmp'
make[1]: Warning: File 'CMakeFiles/cmTC_49936.dir/flags.make' has modification time 1.6 s in the future
Building C object CMakeFiles/cmTC_49936.dir/CheckSymbolExists.c.o
/usr/bin/cc    -o CMakeFiles/cmTC_49936.dir/CheckSymbolExists.c.o   -c /home/vagrant/rostls_ws/build/CMakeFiles/CMakeTmp/CheckSymbolExists.c
Linking C executable cmTC_49936
/usr/bin/cmake -E cmake_link_script CMakeFiles/cmTC_49936.dir/link.txt --verbose=1
/usr/bin/cc      -rdynamic CMakeFiles/cmTC_49936.dir/CheckSymbolExists.c.o  -o cmTC_49936 
CMakeFiles/cmTC_49936.dir/CheckSymbolExists.c.o: In function `main':
CheckSymbolExists.c:(.text+0x1b): undefined reference to `pthread_create'
collect2: error: ld returned 1 exit status
CMakeFiles/cmTC_49936.dir/build.make:97: recipe for target 'cmTC_49936' failed
make[1]: *** [cmTC_49936] Error 1
make[1]: Leaving directory '/home/vagrant/rostls_ws/build/CMakeFiles/CMakeTmp'
Makefile:126: recipe for target 'cmTC_49936/fast' failed
make: *** [cmTC_49936/fast] Error 2

File /home/vagrant/rostls_ws/build/CMakeFiles/CMakeTmp/CheckSymbolExists.c:
/* */
#include <pthread.h>

int main(int argc, char** argv)
{
  (void)argv;
#ifndef pthread_create
  return ((int*)(&pthread_create))[argc];
#else
  (void)argc;
  return 0;
#endif
}

Determining if the function pthread_create exists in the pthreads failed with the following output:
Change Dir: /home/vagrant/rostls_ws/build/CMakeFiles/CMakeTmp

Run Build Command:"/usr/bin/make" "cmTC_090a6/fast"
make: Warning: File 'Makefile' has modification time 1.4 s in the future
/usr/bin/make -f CMakeFiles/cmTC_090a6.dir/build.make CMakeFiles/cmTC_090a6.dir/build
make[1]: Entering directory '/home/vagrant/rostls_ws/build/CMakeFiles/CMakeTmp'
make[1]: Warning: File 'CMakeFiles/cmTC_090a6.dir/flags.make' has modification time 1.4 s in the future
Building C object CMakeFiles/cmTC_090a6.dir/CheckFunctionExists.c.o
/usr/bin/cc   -DCHECK_FUNCTION_EXISTS=pthread_create   -o CMakeFiles/cmTC_090a6.dir/CheckFunctionExists.c.o   -c /usr/share/cmake-3.10/Modules/CheckFunctionExists.c
Linking C executable cmTC_090a6
/usr/bin/cmake -E cmake_link_script CMakeFiles/cmTC_090a6.dir/link.txt --verbose=1
/usr/bin/cc  -DCHECK_FUNCTION_EXISTS=pthread_create    -rdynamic CMakeFiles/cmTC_090a6.dir/CheckFunctionExists.c.o  -o cmTC_090a6 -lpthreads 
/usr/bin/ld: cannot find -lpthreads
collect2: error: ld returned 1 exit status
CMakeFiles/cmTC_090a6.dir/build.make:97: recipe for target 'cmTC_090a6' failed
make[1]: *** [cmTC_090a6] Error 1
make[1]: Leaving directory '/home/vagrant/rostls_ws/build/CMakeFiles/CMakeTmp'
Makefile:126: recipe for target 'cmTC_090a6/fast' failed
make: *** [cmTC_090a6/fast] Error 2


