[roslaunch][INFO] 2019-11-24 21:55:02,259: Checking log directory for disk usage. This may take awhile.
Press Ctrl-C to interrupt
[roslaunch][INFO] 2019-11-24 21:55:02,269: Done checking log file disk usage. Usage is <1GB.
[roslaunch][INFO] 2019-11-24 21:55:02,270: roslaunch starting with args ['roscore', '--core']
[roslaunch][INFO] 2019-11-24 21:55:02,271: roslaunch env is {'ROS_DISTRO': 'melodic', 'SSH_CLIENT': '10.0.2.2 55538 22', 'LOGNAME': 'vagrant', 'USER': 'vagrant', 'PATH': '/opt/ros/melodic/bin:/usr/local/sbin:/usr/local/bin:/usr/sbin:/usr/bin:/sbin:/bin:/usr/games:/usr/local/games:/snap/bin', 'HOME': '/home/vagrant', 'CMAKE_PREFIX_PATH': '/opt/ros/melodic', 'LD_LIBRARY_PATH': '/opt/ros/melodic/lib', 'LANG': 'en_US.UTF-8', 'TERM': 'xterm-256color', 'SHELL': '/bin/bash', 'LANGUAGE': 'en_US:', 'XDG_DATA_DIRS': '/usr/local/share:/usr/share:/var/lib/snapd/desktop', 'ROS_LOG_FILENAME': '/home/vagrant/.ros/log/10fac6d8-0f05-11ea-be6f-080027bb1475/roslaunch-vagrant-2176.log', 'ROS_ETC_DIR': '/opt/ros/melodic/etc/ros', 'ROS_PYTHON_VERSION': '2', 'XDG_RUNTIME_DIR': '/run/user/1000', 'PYTHONPATH': '/opt/ros/melodic/lib/python2.7/dist-packages', 'ROS_ROOT': '/opt/ros/melodic/share/ros', 'PKG_CONFIG_PATH': '/opt/ros/melodic/lib/pkgconfig', 'ROS_PACKAGE_PATH': '/opt/ros/melodic/share', 'XDG_SESSION_ID': '3', '_': '/opt/ros/melodic/bin/roscore', 'SSH_TTY': '/dev/pts/0', 'ROSLISP_PACKAGE_DIRECTORIES': '', 'SHLVL': '1', 'PWD': '/home/vagrant', 'ROS_MASTER_URI': 'http://localhost:11311', 'ROS_VERSION': '1', 'MAIL': '/var/mail/vagrant', 'SSH_CONNECTION': '10.0.2.2 55538 10.0.2.15 22'}
[roslaunch][INFO] 2019-11-24 21:55:02,271: starting in server mode
[roslaunch.parent][INFO] 2019-11-24 21:55:02,272: starting roslaunch parent run
[roslaunch][INFO] 2019-11-24 21:55:02,272: loading roscore config file /opt/ros/melodic/etc/ros/roscore.xml
[roslaunch][INFO] 2019-11-24 21:55:02,570: Added core node of type [rosout/rosout] in namespace [/]
[roslaunch.pmon][INFO] 2019-11-24 21:55:02,572: start_process_monitor: creating ProcessMonitor
[roslaunch.pmon][INFO] 2019-11-24 21:55:02,572: created process monitor <ProcessMonitor(ProcessMonitor-1, initial daemon)>
[roslaunch.pmon][INFO] 2019-11-24 21:55:02,573: start_process_monitor: ProcessMonitor started
[roslaunch.parent][INFO] 2019-11-24 21:55:02,573: starting parent XML-RPC server
[roslaunch.server][INFO] 2019-11-24 21:55:02,574: starting roslaunch XML-RPC server
[roslaunch.server][INFO] 2019-11-24 21:55:02,574: waiting for roslaunch XML-RPC server to initialize
[xmlrpc][INFO] 2019-11-24 21:55:02,574: XML-RPC server binding to 0.0.0.0:0
[xmlrpc][INFO] 2019-11-24 21:55:02,575: Started XML-RPC server [http://vagrant:34021/]
[xmlrpc][INFO] 2019-11-24 21:55:02,576: xml rpc node: starting XML-RPC server
[roslaunch][INFO] 2019-11-24 21:55:02,586: started roslaunch server http://vagrant:34021/
[roslaunch.parent][INFO] 2019-11-24 21:55:02,588: ... parent XML-RPC server started
[roslaunch][INFO] 2019-11-24 21:55:02,590: master.is_running[http://vagrant:11311/]
[roslaunch][INFO] 2019-11-24 21:55:02,591: auto-starting new master
[roslaunch][INFO] 2019-11-24 21:55:02,592: create_master_process: rosmaster, /opt/ros/melodic/share/ros, 11311, 3, None, False
[roslaunch][INFO] 2019-11-24 21:55:02,593: process[master]: launching with args [['rosmaster', '--core', '-p', '11311', '-w', '3']]
[roslaunch.pmon][INFO] 2019-11-24 21:55:02,593: ProcessMonitor.register[master]
[roslaunch.pmon][INFO] 2019-11-24 21:55:02,594: ProcessMonitor.register[master] complete
[roslaunch][INFO] 2019-11-24 21:55:02,594: process[master]: starting os process
[roslaunch][INFO] 2019-11-24 21:55:02,595: process[master]: start w/ args [['rosmaster', '--core', '-p', '11311', '-w', '3', '__log:=/home/vagrant/.ros/log/10fac6d8-0f05-11ea-be6f-080027bb1475/master.log']]
[roslaunch][INFO] 2019-11-24 21:55:02,596: process[master]: cwd will be [/home/vagrant/.ros]
[roslaunch][INFO] 2019-11-24 21:55:02,599: process[master]: started with pid [2186]
[roslaunch][INFO] 2019-11-24 21:55:02,600: master.is_running[http://vagrant:11311/]
[roslaunch][INFO] 2019-11-24 21:55:02,701: master.is_running[http://vagrant:11311/]
[roslaunch][INFO] 2019-11-24 21:55:02,803: master.is_running[http://vagrant:11311/]
[roslaunch][INFO] 2019-11-24 21:55:02,805: master.is_running[http://vagrant:11311/]
[roslaunch][INFO] 2019-11-24 21:55:02,807: ROS_MASTER_URI=http://vagrant:11311/
[roslaunch][INFO] 2019-11-24 21:55:02,810: setting /run_id to 10fac6d8-0f05-11ea-be6f-080027bb1475
[roslaunch][INFO] 2019-11-24 21:55:02,812: setting /roslaunch/uris/host_vagrant__34021' to http://vagrant:34021/
[roslaunch][INFO] 2019-11-24 21:55:02,814: ... preparing to launch node of type [rosout/rosout]
[roslaunch][INFO] 2019-11-24 21:55:02,815: create_node_process: package[rosout] type[rosout] machine[Machine(name[] env_loader[None] address[localhost] ssh_port[22] user[None] assignable[True] timeout[10.0])] master_uri[http://vagrant:11311/]
[roslaunch][INFO] 2019-11-24 21:55:02,815: process[rosout-1]: env[{'ROS_DISTRO': 'melodic', 'SSH_CLIENT': '10.0.2.2 55538 22', 'LOGNAME': 'vagrant', 'USER': 'vagrant', 'HOME': '/home/vagrant', 'PATH': '/opt/ros/melodic/bin:/usr/local/sbin:/usr/local/bin:/usr/sbin:/usr/bin:/sbin:/bin:/usr/games:/usr/local/games:/snap/bin', 'CMAKE_PREFIX_PATH': '/opt/ros/melodic', 'ROS_LOG_FILENAME': '/home/vagrant/.ros/log/10fac6d8-0f05-11ea-be6f-080027bb1475/roslaunch-vagrant-2176.log', 'LANG': 'en_US.UTF-8', 'TERM': 'xterm-256color', 'SHELL': '/bin/bash', 'LANGUAGE': 'en_US:', 'XDG_DATA_DIRS': '/usr/local/share:/usr/share:/var/lib/snapd/desktop', 'LD_LIBRARY_PATH': '/opt/ros/melodic/lib', 'ROS_MASTER_URI': 'http://vagrant:11311/', 'ROS_PYTHON_VERSION': '2', 'XDG_RUNTIME_DIR': '/run/user/1000', 'PYTHONPATH': '/opt/ros/melodic/lib/python2.7/dist-packages', 'ROS_ROOT': '/opt/ros/melodic/share/ros', 'PKG_CONFIG_PATH': '/opt/ros/melodic/lib/pkgconfig', 'ROS_PACKAGE_PATH': '/opt/ros/melodic/share', 'XDG_SESSION_ID': '3', '_': '/opt/ros/melodic/bin/roscore', 'SSH_TTY': '/dev/pts/0', 'ROSLISP_PACKAGE_DIRECTORIES': '', 'SHLVL': '1', 'PWD': '/home/vagrant', 'ROS_ETC_DIR': '/opt/ros/melodic/etc/ros', 'ROS_VERSION': '1', 'MAIL': '/var/mail/vagrant', 'SSH_CONNECTION': '10.0.2.2 55538 10.0.2.15 22'}]
[roslaunch][INFO] 2019-11-24 21:55:02,826: process[rosout-1]: args[[u'/opt/ros/melodic/lib/rosout/rosout', u'__name:=rosout']]
[roslaunch][INFO] 2019-11-24 21:55:02,827: ... created process [rosout-1]
[roslaunch.pmon][INFO] 2019-11-24 21:55:02,827: ProcessMonitor.register[rosout-1]
[roslaunch.pmon][INFO] 2019-11-24 21:55:02,827: ProcessMonitor.register[rosout-1] complete
[roslaunch][INFO] 2019-11-24 21:55:02,828: ... registered process [rosout-1]
[roslaunch][INFO] 2019-11-24 21:55:02,828: process[rosout-1]: starting os process
[roslaunch][INFO] 2019-11-24 21:55:02,829: process[rosout-1]: start w/ args [[u'/opt/ros/melodic/lib/rosout/rosout', u'__name:=rosout', u'__log:=/home/vagrant/.ros/log/10fac6d8-0f05-11ea-be6f-080027bb1475/rosout-1.log']]
[roslaunch][INFO] 2019-11-24 21:55:02,829: process[rosout-1]: cwd will be [/home/vagrant/.ros]
[roslaunch][INFO] 2019-11-24 21:55:02,833: process[rosout-1]: started with pid [2197]
[roslaunch][INFO] 2019-11-24 21:55:02,834: ... successfully launched [rosout-1]
[roslaunch][INFO] 2019-11-24 21:55:02,834: load_parameters starting ...
[roslaunch][INFO] 2019-11-24 21:55:02,852: ... load_parameters complete
[roslaunch][INFO] 2019-11-24 21:55:02,862: launch_nodes: launching local nodes ...
[roslaunch][INFO] 2019-11-24 21:55:02,863: ... launch_nodes complete
[roslaunch.pmon][INFO] 2019-11-24 21:55:02,864: registrations completed <ProcessMonitor(ProcessMonitor-1, started daemon 140019338966784)>
[roslaunch.parent][INFO] 2019-11-24 21:55:02,864: ... roslaunch parent running, waiting for process exit
[roslaunch][INFO] 2019-11-24 21:55:02,865: spin
[roslaunch.pmon][INFO] 2019-11-24 22:06:48,936: ProcessMonitor.shutdown <ProcessMonitor(ProcessMonitor-1, started daemon 140019338966784)>
[roslaunch.pmon][INFO] 2019-11-24 22:06:48,958: ProcessMonitor._post_run <ProcessMonitor(ProcessMonitor-1, started daemon 140019338966784)>
[roslaunch.pmon][INFO] 2019-11-24 22:06:48,959: ProcessMonitor._post_run <ProcessMonitor(ProcessMonitor-1, started daemon 140019338966784)>: remaining procs are [<roslaunch.nodeprocess.LocalProcess object at 0x7f58cafdea90>, <roslaunch.nodeprocess.LocalProcess object at 0x7f58cafdef10>]
[roslaunch.pmon][INFO] 2019-11-24 22:06:48,960: ProcessMonitor exit: killing rosout-1
[roslaunch][INFO] 2019-11-24 22:06:48,961: [rosout-1] killing on exit
[roslaunch][INFO] 2019-11-24 22:06:48,962: process[rosout-1]: killing os process with pid[2197] pgid[2197]
[roslaunch][INFO] 2019-11-24 22:06:48,962: [rosout-1] sending SIGINT to pgid [2197]
[roslaunch][INFO] 2019-11-24 22:06:48,963: [rosout-1] sent SIGINT to pgid [2197]
[roslaunch][INFO] 2019-11-24 22:06:49,371: process[rosout-1]: SIGINT killed with return value 0
[roslaunch.pmon][INFO] 2019-11-24 22:06:49,372: ProcessMonitor exit: killing master
[roslaunch][INFO] 2019-11-24 22:06:49,373: [master] killing on exit
[roslaunch][INFO] 2019-11-24 22:06:49,373: process[master]: killing os process with pid[2186] pgid[2186]
[roslaunch][INFO] 2019-11-24 22:06:49,374: [master] sending SIGINT to pgid [2186]
[roslaunch][INFO] 2019-11-24 22:06:49,375: [master] sent SIGINT to pgid [2186]
[roslaunch][INFO] 2019-11-24 22:06:49,578: process[master]: SIGINT killed with return value 0
[roslaunch.pmon][INFO] 2019-11-24 22:06:49,579: ProcessMonitor exit: cleaning up data structures and signals
[roslaunch.pmon][INFO] 2019-11-24 22:06:49,580: ProcessMonitor exit: pmon has shutdown
[roslaunch][INFO] 2019-11-24 22:06:49,625: process monitor is done spinning, initiating full shutdown
[roslaunch][INFO] 2019-11-24 22:06:49,626: runner.stop()
[roslaunch][INFO] 2019-11-24 22:06:49,626: shutting down processing monitor...
[roslaunch][INFO] 2019-11-24 22:06:49,628: shutting down processing monitor <ProcessMonitor(ProcessMonitor-1, stopped daemon 140019338966784)>
[roslaunch.pmon][INFO] 2019-11-24 22:06:49,629: ProcessMonitor.shutdown <ProcessMonitor(ProcessMonitor-1, stopped daemon 140019338966784)>
[roslaunch][INFO] 2019-11-24 22:06:49,629: ... shutting down processing monitor complete
[roslaunch][INFO] 2019-11-24 22:06:49,631: done
[roslaunch.pmon][INFO] 2019-11-24 22:06:49,632: ProcessMonitor.shutdown <ProcessMonitor(ProcessMonitor-1, stopped daemon 140019338966784)>
[rospy.core][INFO] 2019-11-24 22:06:49,633: signal_shutdown [atexit]
